Using pre-set license
Built from '2020.2/release' branch; Version is '2020.2.2f1 (068178b99f32) revision 426360'; Using compiler version '192528614'; Build Type 'Release'
OS: 'Windows 10 Pro; OS build 18363.1316; Version 1909; 64bit' Language: 'en' Physical Memory: 32695 MB
BatchMode: 1, IsHumanControllingUs: 0, StartBugReporterOnCrash: 0, Is64bit: 1, IsPro: 0

 COMMAND LINE ARGUMENTS:
C:\Program Files\Unity\Hub\Editor\2020.2.2f1\Editor\Unity.exe
-adb2
-batchMode
-noUpm
-name
AssetImportWorker0
-projectPath
C:/Users/peyto/OneDrive/Documents/GGJ/GGJ2021/GGJ2021/Ultimate Antiquity Officer
-logFile
Logs/AssetImportWorker0.log
-srvPort
56533
Successfully changed project path to: C:/Users/peyto/OneDrive/Documents/GGJ/GGJ2021/GGJ2021/Ultimate Antiquity Officer
C:/Users/peyto/OneDrive/Documents/GGJ/GGJ2021/GGJ2021/Ultimate Antiquity Officer
Using Asset Import Pipeline V2.
Refreshing native plugins compatible for Editor in 25.98 ms, found 0 plugins.
Preloading 0 native plugins for Editor in 0.00 ms.
Initialize engine version: 2020.2.2f1 (068178b99f32)
[Subsystems] Discovering subsystems at path C:/Program Files/Unity/Hub/Editor/2020.2.2f1/Editor/Data/Resources/UnitySubsystems
[Subsystems] Discovering subsystems at path C:/Users/peyto/OneDrive/Documents/GGJ/GGJ2021/GGJ2021/Ultimate Antiquity Officer/Assets
GfxDevice: creating device client; threaded=0
Direct3D:
    Version:  Direct3D 11.0 [level 11.1]
    Renderer: NVIDIA GeForce GTX 1080 (ID=0x1b80)
    Vendor:   
    VRAM:     8079 MB
    Driver:   26.21.14.4614
Initialize mono
Mono path[0] = 'C:/Program Files/Unity/Hub/Editor/2020.2.2f1/Editor/Data/Managed'
Mono path[1] = 'C:/Program Files/Unity/Hub/Editor/2020.2.2f1/Editor/Data/MonoBleedingEdge/lib/mono/unityjit'
Mono config path = 'C:/Program Files/Unity/Hub/Editor/2020.2.2f1/Editor/Data/MonoBleedingEdge/etc'
Using monoOptions --debugger-agent=transport=dt_socket,embedding=1,server=y,suspend=n,address=127.0.0.1:56980
Begin MonoManager ReloadAssembly
Registering precompiled unity dll's ...
Register platform support module: C:/Program Files/Unity/Hub/Editor/2020.2.2f1/Editor/Data/PlaybackEngines/WindowsStandaloneSupport/UnityEditor.WindowsStandalone.Extensions.dll
Registered in 0.002179 seconds.
Native extension for WindowsStandalone target not found
Refreshing native plugins compatible for Editor in 25.69 ms, found 0 plugins.
Preloading 0 native plugins for Editor in 0.00 ms.
Invoked RoslynAnalysisRunner static constructor.
RoslynAnalysisRunner will not be running.
RoslynAnalysisRunner has terminated.
Mono: successfully reloaded assembly
- Completed reload, in  1.183 seconds
Platform modules already initialized, skipping
Registering precompiled user dll's ...
Registered in 0.000872 seconds.
Begin MonoManager ReloadAssembly
Native extension for WindowsStandalone target not found
Refreshing native plugins compatible for Editor in 0.21 ms, found 0 plugins.
Preloading 0 native plugins for Editor in 0.00 ms.
Invoked RoslynAnalysisRunner static constructor.
RoslynAnalysisRunner will not be running.
RoslynAnalysisRunner has terminated.
Mono: successfully reloaded assembly
- Completed reload, in  0.892 seconds
Platform modules already initialized, skipping
========================================================================
Worker process is ready to serve import requests
Launched and connected shader compiler UnityShaderCompiler.exe after 0.06 seconds
Refreshing native plugins compatible for Editor in 0.21 ms, found 0 plugins.
Preloading 0 native plugins for Editor in 0.00 ms.
Unloading 1099 Unused Serialized files (Serialized files now loaded: 0)
System memory in use before: 56.8 MB.
System memory in use after: 56.9 MB.

Unloading 10 unused Assets to reduce memory usage. Loaded Objects now: 1540.
Total: 1.875800 ms (FindLiveObjects: 0.159800 ms CreateObjectMapping: 0.033400 ms MarkObjects: 1.589800 ms  DeleteObjects: 0.091500 ms)

========================================================================
Received Import Request.
  path: Assets/Scenes
  artifactKey: Guid(180b227b3b65411478b3cf189b3c7666) Importer(815301076,1909f56bfc062723c751e8b465ee728b)
Start importing Assets/Scenes using Guid(180b227b3b65411478b3cf189b3c7666) Importer(815301076,1909f56bfc062723c751e8b465ee728b)  -> (artifact id: '8c351b5dd2983afd60c46abc72023f11') in 0.011402 seconds
  Import took 0.013427 seconds .

========================================================================
Received Import Request.
  Time since last request: 23.556997 seconds.
  path: Assets
  artifactKey: Guid(00000000000000001000000000000000) Importer(815301076,1909f56bfc062723c751e8b465ee728b)
Start importing Assets using Guid(00000000000000001000000000000000) Importer(815301076,1909f56bfc062723c751e8b465ee728b)  -> (artifact id: '4a6e520b92ccfc61bcfa21a7bcab8468') in 0.009164 seconds
  Import took 0.011043 seconds .

========================================================================
Received Import Request.
  Time since last request: 38.734031 seconds.
  path: Assets/New Physic Material.physicMaterial
  artifactKey: Guid(2fe554098936b184591610c76252e61c) Importer(815301076,1909f56bfc062723c751e8b465ee728b)
Start importing Assets/New Physic Material.physicMaterial using Guid(2fe554098936b184591610c76252e61c) Importer(815301076,1909f56bfc062723c751e8b465ee728b)  -> (artifact id: '9c837a9ae89361db046c24520c149383') in 0.033017 seconds
  Import took 0.034961 seconds .

========================================================================
Received Import Request.
  Time since last request: 12.897000 seconds.
  path: Assets/Ground.physicMaterial
  artifactKey: Guid(2fe554098936b184591610c76252e61c) Importer(815301076,1909f56bfc062723c751e8b465ee728b)
Start importing Assets/Ground.physicMaterial using Guid(2fe554098936b184591610c76252e61c) Importer(815301076,1909f56bfc062723c751e8b465ee728b)  -> (artifact id: 'f9a3f9fe27273e9cded82dfb4ef14a19') in 0.009718 seconds
  Import took 0.012057 seconds .

========================================================================
Received Import Request.
  Time since last request: 15.721600 seconds.
  path: Assets/Ground.terrainlayer
  artifactKey: Guid(075fe140fb4f53840994cab5b7679d5a) Importer(815301076,1909f56bfc062723c751e8b465ee728b)
Start importing Assets/Ground.terrainlayer using Guid(075fe140fb4f53840994cab5b7679d5a) Importer(815301076,1909f56bfc062723c751e8b465ee728b)  -> (artifact id: '68b141d0790a9461bddc841cb75341e3') in 0.039642 seconds
  Import took 0.041731 seconds .

========================================================================
Received Import Request.
  Time since last request: 117.588708 seconds.
  path: Assets/Scenes/SampleScene.unity
  artifactKey: Guid(9fc0d4010bbf28b4594072e72b8655ab) Importer(815301076,1909f56bfc062723c751e8b465ee728b)
Start importing Assets/Scenes/SampleScene.unity using Guid(9fc0d4010bbf28b4594072e72b8655ab) Importer(815301076,1909f56bfc062723c751e8b465ee728b)  -> (artifact id: '9831e44e2a700a6e1119228b2d38e767') in 0.008929 seconds
  Import took 0.011069 seconds .

========================================================================
Received Import Request.
  Time since last request: 43.588319 seconds.
  path: Assets/Scenes/GameScene
  artifactKey: Guid(2c68feb2d51ae5a4e9c1d27422449f66) Importer(815301076,1909f56bfc062723c751e8b465ee728b)
Start importing Assets/Scenes/GameScene using Guid(2c68feb2d51ae5a4e9c1d27422449f66) Importer(815301076,1909f56bfc062723c751e8b465ee728b)  -> (artifact id: 'b2d8594e5cb1b565b085757b062b1c42') in 0.008674 seconds
  Import took 0.010626 seconds .

========================================================================
Received Import Request.
  Time since last request: 17.464704 seconds.
  path: Assets/Scenes/GameScene/GameScene.unity
  artifactKey: Guid(c0df1ff9050777348bcd71abc75dbbac) Importer(815301076,1909f56bfc062723c751e8b465ee728b)
Start importing Assets/Scenes/GameScene/GameScene.unity using Guid(c0df1ff9050777348bcd71abc75dbbac) Importer(815301076,1909f56bfc062723c751e8b465ee728b)  -> (artifact id: '8c775c761a62c684581856949e7380e4') in 0.009149 seconds
  Import took 0.011226 seconds .

========================================================================
Received Import Request.
  Time since last request: 103.179551 seconds.
  path: Assets/New Terrain 1.asset
  artifactKey: Guid(639ad720826b3b245b02bc789156757e) Importer(815301076,1909f56bfc062723c751e8b465ee728b)
Start importing Assets/New Terrain 1.asset using Guid(639ad720826b3b245b02bc789156757e) Importer(815301076,1909f56bfc062723c751e8b465ee728b)  -> (artifact id: '5670a0e88220eb9e923ad2298df6f02a') in 0.019864 seconds
  Import took 0.022009 seconds .

========================================================================
Received Import Request.
  Time since last request: 0.000202 seconds.
  path: Assets/New Terrain.asset
  artifactKey: Guid(a0932d65d2638bc4c8999d54d14a3072) Importer(815301076,1909f56bfc062723c751e8b465ee728b)
Start importing Assets/New Terrain.asset using Guid(a0932d65d2638bc4c8999d54d14a3072) Importer(815301076,1909f56bfc062723c751e8b465ee728b)  -> (artifact id: '823999854073be1185e00e6a2652c752') in 0.013798 seconds
  Import took 0.015700 seconds .

========================================================================
Received Prepare
Registering precompiled user dll's ...
Registered in 0.000784 seconds.
Begin MonoManager ReloadAssembly
Native extension for WindowsStandalone target not found
Refreshing native plugins compatible for Editor in 0.22 ms, found 0 plugins.
Preloading 0 native plugins for Editor in 0.00 ms.
Invoked RoslynAnalysisRunner static constructor.
RoslynAnalysisRunner will not be running.
RoslynAnalysisRunner has terminated.
Mono: successfully reloaded assembly
- Completed reload, in  0.812 seconds
Platform modules already initialized, skipping
Refreshing native plugins compatible for Editor in 0.21 ms, found 0 plugins.
Preloading 0 native plugins for Editor in 0.00 ms.
Unloading 1094 Unused Serialized files (Serialized files now loaded: 0)
System memory in use before: 60.6 MB.
System memory in use after: 60.2 MB.

Unloading 7 unused Assets to reduce memory usage. Loaded Objects now: 1546.
Total: 1.897100 ms (FindLiveObjects: 0.150800 ms CreateObjectMapping: 0.032500 ms MarkObjects: 1.370200 ms  DeleteObjects: 0.342600 ms)

========================================================================
Received Import Request.
  Time since last request: 1279.969835 seconds.
  path: Assets/Ground Texture.renderTexture
  artifactKey: Guid(4e03fdcacbda97e4984101d9643061b7) Importer(815301076,1909f56bfc062723c751e8b465ee728b)
Start importing Assets/Ground Texture.renderTexture using Guid(4e03fdcacbda97e4984101d9643061b7) Importer(815301076,1909f56bfc062723c751e8b465ee728b)  -> (artifact id: 'a1478cfaefc65d351754acedc835b05b') in 0.056022 seconds
  Import took 0.058092 seconds .

========================================================================
Received Import Request.
  Time since last request: 546.397878 seconds.
  path: Assets/Scenes/GameScene/GameScene.unity
  artifactKey: Guid(c0df1ff9050777348bcd71abc75dbbac) Importer(815301076,1909f56bfc062723c751e8b465ee728b)
Start importing Assets/Scenes/GameScene/GameScene.unity using Guid(c0df1ff9050777348bcd71abc75dbbac) Importer(815301076,1909f56bfc062723c751e8b465ee728b)  -> (artifact id: '89c3353dac3e8146c116a1528c3f43c3') in 0.008565 seconds
  Import took 0.010678 seconds .

========================================================================
Received Import Request.
  Time since last request: 1917.090828 seconds.
  path: Assets/Scenes/GameScene/New Material.mat
  artifactKey: Guid(d8a212db020f14b488df974dc1dea35a) Importer(815301076,1909f56bfc062723c751e8b465ee728b)
Start importing Assets/Scenes/GameScene/New Material.mat using Guid(d8a212db020f14b488df974dc1dea35a) Importer(815301076,1909f56bfc062723c751e8b465ee728b)  -> (artifact id: '984ded55a8b78ad5562bce1a52184724') in 0.076865 seconds
  Import took 0.079197 seconds .

AssetImportWorkerClient::OnTransportError - code=2 error=End of file
